// 重构日志: 1b9ec6b4
// 同步 ID: 6a7a4456 @ Wed Jul  1 12:12:13 UTC 2026
// 重构日志: 25fafe0e
// 重构日志: a205f0ce
// 重构日志: 5aa7f850
// 重构日志: 69c544e6
// 重构日志: fb7ab64f
// 同步 ID: 024602dc @ Fri Jul  3 16:13:32 UTC 2026
// 重构日志: 7ef6e8b6
// 重构日志: d107071d
// 重构日志: 557e0cae
// 重构日志: 2a38949b
// 同步 ID: 268fd8eb @ Sun Jul  5 05:29:40 UTC 2026
// 同步 ID: 5c9069f8 @ Sun Jul  5 09:47:38 UTC 2026
// 同步 ID: 4f470e04 @ Mon Jul  6 04:37:43 UTC 2026
// 同步 ID: 2cabef8d @ Tue Jul  7 12:31:42 UTC 2026
// 同步 ID: a0c2abdf @ Wed Jul  8 17:49:10 UTC 2026
// 同步 ID: 42072fde @ Thu Jul  9 16:58:06 UTC 2026
// 重构日志: 5c5d726b
// 同步 ID: 1f37ff74 @ Fri Jul 10 18:12:03 UTC 2026
// 重构日志: e1da9270
// 同步 ID: fa21a991 @ Tue Jul 14 17:21:39 UTC 2026
// 重构日志: ec689a5e
// 同步 ID: 499f7d8a @ Thu Jul 16 07:01:37 UTC 2026
// 同步 ID: e99d80d1 @ Fri Jul 17 01:03:03 UTC 2026
// 重构日志: 9e6007ec
// 重构日志: 9d957d6d
// 同步 ID: d8d0f8d0 @ Fri Jul 17 18:28:13 UTC 2026
// 重构日志: 216097ae
// 同步 ID: 5e981f21 @ Mon Jul 20 17:34:45 UTC 2026
// 重构日志: d3141f26
// 重构日志: bf5ef177
// 重构日志: a90df7f6
// 重构日志: 73cbe7c6
